src/api/v1/carts/cart.controller.ts(4,27): error TS2307: Cannot find module '../../../utils/http-exception.util' or its corresponding type declarations.
src/api/v1/categories/category.controller.ts(5,27): error TS2307: Cannot find module '../../../utils/http-exception.util' or its corresponding type declarations.
src/api/v1/notifications/notification.controller.ts(5,27): error TS2307: Cannot find module '../../../utils/http-exception.util' or its corresponding type declarations.
src/api/v1/orders/order.controller.ts(4,27): error TS2307: Cannot find module '../../../utils/http-exception.util' or its corresponding type declarations.
src/api/v1/payments/payment.controller.ts(4,27): error TS2307: Cannot find module '../../../utils/http-exception.util' or its corresponding type declarations.
src/api/v1/product-discussions/productDiscussion.controller.ts(5,27): error TS2307: Cannot find module '../../../utils/http-exception.util' or its corresponding type declarations.
src/api/v1/products/product.controller.ts(4,27): error TS2307: Cannot find module '../../../utils/http-exception.util' or its corresponding type declarations.
src/api/v1/promotions/promotion.controller.ts(5,27): error TS2307: Cannot find module '../../../utils/http-exception.util' or its corresponding type declarations.
src/api/v1/reviews/review.controller.ts(4,27): error TS2307: Cannot find module '../../../utils/http-exception.util' or its corresponding type declarations.
src/api/v1/sellers/seller.controller.ts(5,27): error TS2307: Cannot find module '../../../utils/http-exception.util' or its corresponding type declarations.
src/api/v1/wishlists/wishlist.controller.ts(5,27): error TS2307: Cannot find module '../../../utils/http-exception.util' or its corresponding type declarations.
src/middlewares/auth.middleware.ts(4,27): error TS2307: Cannot find module '../utils/http-exception.util' or its corresponding type declarations.
src/middlewares/error.middleware.ts(3,27): error TS2307: Cannot find module '../utils/http-exception.util' or its corresponding type declarations.
src/middlewares/upload.middleware.ts(4,27): error TS2307: Cannot find module '../utils/http-exception.util' or its corresponding type declarations.
src/middlewares/validator.middleware.ts(5,27): error TS2307: Cannot find module '../utils/http-exception.util' or its corresponding type declarations.
src/server.ts(8,27): error TS2307: Cannot find module './utils/http-exception.util' or its corresponding type declarations.
src/services/__tests__/auth.service.test.ts(3,27): error TS2307: Cannot find module '../../utils/http-exception.util' or its corresponding type declarations.
src/services/__tests__/cart.service.test.ts(4,27): error TS2307: Cannot find module '../../utils/http-exception.util' or its corresponding type declarations.
src/services/__tests__/category.service.test.ts(3,27): error TS2307: Cannot find module '../../utils/http-exception.util' or its corresponding type declarations.
src/services/__tests__/notification.service.test.ts(4,27): error TS2307: Cannot find module '../../utils/http-exception.util' or its corresponding type declarations.
src/services/__tests__/order.service.test.ts(3,27): error TS2307: Cannot find module '../../utils/http-exception.util' or its corresponding type declarations.
src/services/__tests__/payment.service.test.ts(3,27): error TS2307: Cannot find module '../../utils/http-exception.util' or its corresponding type declarations.
src/services/__tests__/product.service.test.ts(3,27): error TS2307: Cannot find module '../../utils/http-exception.util' or its corresponding type declarations.
src/services/__tests__/productDiscussion.service.test.ts(4,27): error TS2307: Cannot find module '../../utils/http-exception.util' or its corresponding type declarations.
src/services/__tests__/promotion.service.test.ts(3,27): error TS2307: Cannot find module '../../utils/http-exception.util' or its corresponding type declarations.
src/services/__tests__/review.service.test.ts(3,27): error TS2307: Cannot find module '../../utils/http-exception.util' or its corresponding type declarations.
src/services/__tests__/seller.service.test.ts(3,27): error TS2307: Cannot find module '../../utils/http-exception.util' or its corresponding type declarations.
src/services/__tests__/shipping.service.test.ts(3,27): error TS2307: Cannot find module '../../utils/http-exception.util' or its corresponding type declarations.
src/services/__tests__/wishlist.service.test.ts(4,27): error TS2307: Cannot find module '../../utils/http-exception.util' or its corresponding type declarations.
src/services/auth.service.ts(4,27): error TS2307: Cannot find module '../utils/http-exception.util' or its corresponding type declarations.
src/services/cart.service.ts(3,27): error TS2307: Cannot find module '../utils/http-exception.util' or its corresponding type declarations.
src/services/category.service.ts(4,27): error TS2307: Cannot find module '../utils/http-exception.util' or its corresponding type declarations.
src/services/notification.service.ts(3,27): error TS2307: Cannot find module '../utils/http-exception.util' or its corresponding type declarations.
src/services/order.service.ts(3,27): error TS2307: Cannot find module '../utils/http-exception.util' or its corresponding type declarations.
src/services/payment.service.ts(3,27): error TS2307: Cannot find module '../utils/http-exception.util' or its corresponding type declarations.
src/services/product.service.ts(7,27): error TS2307: Cannot find module '../utils/http-exception.util' or its corresponding type declarations.
src/services/productDiscussion.service.ts(3,27): error TS2307: Cannot find module '../utils/http-exception.util' or its corresponding type declarations.
src/services/promotion.service.ts(4,27): error TS2307: Cannot find module '../utils/http-exception.util' or its corresponding type declarations.
src/services/review.service.ts(4,27): error TS2307: Cannot find module '../utils/http-exception.util' or its corresponding type declarations.
src/services/seller.service.ts(4,27): error TS2307: Cannot find module '../utils/http-exception.util' or its corresponding type declarations.
src/services/shipping.service.ts(4,27): error TS2307: Cannot find module '../utils/http-exception.util' or its corresponding type declarations.
src/services/user.service.ts(6,27): error TS2307: Cannot find module '../utils/http-exception.util' or its corresponding type declarations.
src/services/userAddress.service.ts(3,27): error TS2307: Cannot find module '../utils/http-exception.util' or its corresponding type declarations.
src/services/wishlist.service.ts(3,27): error TS2307: Cannot find module '../utils/http-exception.util' or its corresponding type declarations.
